<?xml version="1.0" encoding="UTF-8"?>
<Site BuildName="(empty)"
	BuildStamp="20260107-0405-Experimental"
	Name="paarth-pasari-Inspiron-5490"
	Generator="ctest-3.28.3"
	CompilerName="/usr/bin/c++"
	CompilerVersion="13.3.0"
	OSName="Linux"
	Hostname="paarth-pasari-Inspiron-5490"
	OSRelease="6.14.0-37-generic"
	OSVersion="#37~24.04.1-Ubuntu SMP PREEMPT_DYNAMIC Thu Nov 20 10:25:38 UTC 2"
	OSPlatform="x86_64"
	Is64Bits="1"
	VendorString="GenuineIntel"
	VendorID="Intel Corporation"
	FamilyID="6"
	ModelID="142"
	ProcessorCacheSize="6144"
	NumberOfLogicalCPU="8"
	NumberOfPhysicalCPU="4"
	TotalVirtualMemory="4095"
	TotalPhysicalMemory="7726"
	LogicalProcessorsPerPhysical="2"
	ProcessorClockFrequency="3400.26"
	>
	<Testing>
		<StartDateTime>Jan 06 23:30 EST</StartDateTime>
		<StartTestTime>1767760219</StartTestTime>
		<TestList/>
		<EndDateTime>Jan 06 23:30 EST</EndDateTime>
		<EndTestTime>1767760219</EndTestTime>
		<ElapsedMinutes>0</ElapsedMinutes>
	</Testing>
</Site>
